Performing C SOURCE FILE Test CMAKE_HAVE_LIBC_PTHREAD failed with the following output:
Change Dir: /home/droneproject/matlabTestWs/build/CMakeFiles/CMakeScratch/TryCompile-kmaSr8

Run Build Command(s):/usr/local/MATLAB/R2024b/toolbox/shared/coder/ninja/glnxa64/ninja cmTC_27f68 && [1/2] Building C object CMakeFiles/cmTC_27f68.dir/src.c.o
[2/2] Linking C executable cmTC_27f68
FAILED: cmTC_27f68 
: && /usr/bin/gcc  -rdynamic CMakeFiles/cmTC_27f68.dir/src.c.o -o cmTC_27f68   && :
/usr/bin/ld: CMakeFiles/cmTC_27f68.dir/src.c.o: in function `main':
src.c:(.text+0x46): undefined reference to `pthread_create'
/usr/bin/ld: src.c:(.text+0x52): undefined reference to `pthread_detach'
/usr/bin/ld: src.c:(.text+0x5e): undefined reference to `pthread_cancel'
/usr/bin/ld: src.c:(.text+0x6f): undefined reference to `pthread_join'
collect2: error: ld returned 1 exit status
ninja: build stopped: subcommand failed.


Source file was:
#include <pthread.h>

static void* test_func(void* data)
{
  return data;
}

int main(void)
{
  pthread_t thread;
  pthread_create(&thread, NULL, test_func, NULL);
  pthread_detach(thread);
  pthread_cancel(thread);
  pthread_join(thread, NULL);
  pthread_atfork(NULL, NULL, NULL);
  pthread_exit(NULL);

  return 0;
}


Determining if the function pthread_create exists in the pthreads failed with the following output:
Change Dir: /home/droneproject/matlabTestWs/build/CMakeFiles/CMakeScratch/TryCompile-CFrH87

Run Build Command(s):/usr/local/MATLAB/R2024b/toolbox/shared/coder/ninja/glnxa64/ninja cmTC_0a62e && [1/2] Building C object CMakeFiles/cmTC_0a62e.dir/CheckFunctionExists.c.o
[2/2] Linking C executable cmTC_0a62e
FAILED: cmTC_0a62e 
: && /usr/bin/gcc -DCHECK_FUNCTION_EXISTS=pthread_create -rdynamic CMakeFiles/cmTC_0a62e.dir/CheckFunctionExists.c.o -o cmTC_0a62e  -lpthreads && :
/usr/bin/ld: cannot find -lpthreads
collect2: error: ld returned 1 exit status
ninja: build stopped: subcommand failed.



